<?xml version="1.0" encoding="UTF-8"?>
<!-- Generated by org.testng.reporters.JUnitReportReporter -->
<testsuite skipped="0" hostname="RSLPTP1013" name="org.qa.seleniumDemo.JSONDataDrivenTesting" tests="2" failures="0" timestamp="16 Apr 2020 13:13:24 GMT" time="46.501" errors="0">
  <testcase name="hubspotJson" time="25.138" classname="org.qa.seleniumDemo.JSONDataDrivenTesting"/>
  <testcase name="hubspotJson" time="21.363" classname="org.qa.seleniumDemo.JSONDataDrivenTesting"/>
</testsuite> <!-- org.qa.seleniumDemo.JSONDataDrivenTesting -->
