<?xml version="1.0" encoding="UTF-8"?>
<!-- Generated by org.testng.reporters.JUnitReportReporter -->
<testsuite skipped="0" hostname="RSLPTP1013" name="org.qa.seleniumDemo.ParametersExampleAtClonstructor" tests="2" failures="0" timestamp="21 May 2020 18:32:54 GMT" time="0.008" errors="0">
  <testcase name="testMethodB" time="0.002" classname="org.qa.seleniumDemo.ParametersExampleAtClonstructor"/>
  <testcase name="testMethodA" time="0.006" classname="org.qa.seleniumDemo.ParametersExampleAtClonstructor"/>
</testsuite> <!-- org.qa.seleniumDemo.ParametersExampleAtClonstructor -->
