<?xml version="1.0" encoding="UTF-8"?>
<!-- Generated by org.testng.reporters.JUnitReportReporter -->
<testsuite skipped="0" hostname="RSLPTP1013" name="org.qa.seleniumDemo.PriorityDemo" tests="3" failures="0" timestamp="03 Jun 2020 07:17:41 GMT" time="0.016" errors="0">
  <testcase name="D" time="0.001" classname="org.qa.seleniumDemo.PriorityDemo"/>
  <testcase name="B" time="0.013" classname="org.qa.seleniumDemo.PriorityDemo"/>
  <testcase name="C" time="0.002" classname="org.qa.seleniumDemo.PriorityDemo"/>
</testsuite> <!-- org.qa.seleniumDemo.PriorityDemo -->
