<?xml version="1.0" encoding="UTF-8"?>
<!-- Generated by org.testng.reporters.JUnitReportReporter -->
<testsuite skipped="0" hostname="RSLPTP1013" name="org.qa.seleniumDemo.GoogleSearch" tests="1" failures="0" timestamp="18 Dec 2019 11:44:30 GMT" time="17.086" errors="0">
  <testcase name="demo1" time="17.086" classname="org.qa.seleniumDemo.GoogleSearch"/>
</testsuite> <!-- org.qa.seleniumDemo.GoogleSearch -->
