<?xml version="1.0" encoding="UTF-8"?>
<!-- Generated by org.testng.reporters.JUnitReportReporter -->
<testsuite skipped="0" hostname="RSLPTP1013" name="org.qa.seleniumDemo.ExceptionHandling" tests="1" failures="0" timestamp="03 Jun 2020 07:07:52 GMT" time="0.013" errors="0">
  <testcase name="test" time="0.013" classname="org.qa.seleniumDemo.ExceptionHandling"/>
</testsuite> <!-- org.qa.seleniumDemo.ExceptionHandling -->
