<?xml version="1.0" encoding="UTF-8"?>
<!-- Generated by org.testng.reporters.JUnitReportReporter -->
<testsuite skipped="0" hostname="RSLPTP1013" name="org.qa.seleniumDemo.DataTransferUsingITestContext" tests="2" failures="0" timestamp="03 Apr 2020 12:39:44 GMT" time="0.010" errors="0">
  <testcase name="generateData" time="0.009" classname="org.qa.seleniumDemo.DataTransferUsingITestContext"/>
  <testcase name="getData" time="0.001" classname="org.qa.seleniumDemo.DataTransferUsingITestContext"/>
</testsuite> <!-- org.qa.seleniumDemo.DataTransferUsingITestContext -->
