<?xml version="1.0" encoding="UTF-8"?>
<!-- Generated by org.testng.reporters.JUnitReportReporter -->
<testsuite skipped="0" hostname="RSLPTP1013" name="org.qa.seleniumDemo.DataProviderDemo" tests="2" failures="0" timestamp="21 May 2020 13:44:44 GMT" time="0.008" errors="0">
  <testcase name="getTest" time="0.006" classname="org.qa.seleniumDemo.DataProviderDemo"/>
  <testcase name="getTest" time="0.002" classname="org.qa.seleniumDemo.DataProviderDemo"/>
</testsuite> <!-- org.qa.seleniumDemo.DataProviderDemo -->
