<?xml version="1.0" encoding="UTF-8"?>
<!-- Generated by org.testng.reporters.JUnitReportReporter -->
<testsuite skipped="0" hostname="RSLPTP1013" name="org.qa.seleniumDemo.DataProviderIndices" tests="4" failures="0" timestamp="21 May 2020 14:48:24 GMT" time="0.059" errors="0">
  <testcase name="getTestData" time="0.014" classname="org.qa.seleniumDemo.DataProviderIndices"/>
  <testcase name="getTestData" time="0.015" classname="org.qa.seleniumDemo.DataProviderIndices"/>
  <testcase name="getTestData" time="0.015" classname="org.qa.seleniumDemo.DataProviderIndices"/>
  <testcase name="getTestData" time="0.015" classname="org.qa.seleniumDemo.DataProviderIndices"/>
</testsuite> <!-- org.qa.seleniumDemo.DataProviderIndices -->
