<?xml version="1.0" encoding="UTF-8"?>
<!-- Generated by org.testng.reporters.JUnitReportReporter -->
<testsuite skipped="0" hostname="RSLPTP1013" name="org.qa.seleniumDemo.DataTransaferWithStaticVariable" tests="2" failures="0" timestamp="03 Apr 2020 12:13:28 GMT" time="0.007" errors="0">
  <testcase name="generateData" time="0.006" classname="org.qa.seleniumDemo.DataTransaferWithStaticVariable"/>
  <testcase name="getData" time="0.001" classname="org.qa.seleniumDemo.DataTransaferWithStaticVariable"/>
</testsuite> <!-- org.qa.seleniumDemo.DataTransaferWithStaticVariable -->
