<?xml version="1.0" encoding="UTF-8"?>
<!-- Generated by org.testng.reporters.JUnitReportReporter -->
<testsuite skipped="0" hostname="RSLPTP1013" name="org.qa.seleniumDemo.DataDemo" tests="4" failures="0" timestamp="21 May 2020 15:03:29 GMT" time="0.016" errors="0">
  <testcase name="getTestData" time="0.002" classname="org.qa.seleniumDemo.DataDemo"/>
  <testcase name="getTestData" time="0.001" classname="org.qa.seleniumDemo.DataDemo"/>
  <testcase name="getTestData" time="0.002" classname="org.qa.seleniumDemo.DataDemo"/>
  <testcase name="getTestData" time="0.011" classname="org.qa.seleniumDemo.DataDemo"/>
</testsuite> <!-- org.qa.seleniumDemo.DataDemo -->
