<?xml version="1.0" encoding="UTF-8"?>
<!-- Generated by org.testng.reporters.JUnitReportReporter -->
<testsuite skipped="0" hostname="RSLPTP1013" name="org.qa.seleniumDemo.JSError" tests="1" failures="0" timestamp="19 Feb 2020 10:11:48 GMT" time="20.843" errors="0">
  <testcase name="testMethod" time="20.843" classname="org.qa.seleniumDemo.JSError"/>
</testsuite> <!-- org.qa.seleniumDemo.JSError -->
