<?xml version="1.0" encoding="UTF-8"?>
<!-- Generated by org.testng.reporters.JUnitReportReporter -->
<testsuite skipped="0" hostname="RSLPTP1013" name="org.qa.seleniumDemo.DataTransaferWithStaticVariablefromAnotherClass" tests="1" failures="0" timestamp="03 Apr 2020 12:32:46 GMT" time="0.002" errors="0">
  <testcase name="getDataFromAnotherClass" time="0.002" classname="org.qa.seleniumDemo.DataTransaferWithStaticVariablefromAnotherClass"/>
</testsuite> <!-- org.qa.seleniumDemo.DataTransaferWithStaticVariablefromAnotherClass -->
