<?xml version="1.0" encoding="UTF-8"?>
<!-- Generated by org.testng.reporters.JUnitReportReporter -->
<testsuite skipped="0" hostname="RSLPTP1013" name="org.qa.seleniumDemo.CSVDataDrivenTesting" tests="2" failures="0" timestamp="16 Apr 2020 18:19:10 GMT" time="52.102" errors="0">
  <testcase name="hubspotJson" time="24.405" classname="org.qa.seleniumDemo.CSVDataDrivenTesting"/>
  <testcase name="hubspotJson" time="27.697" classname="org.qa.seleniumDemo.CSVDataDrivenTesting"/>
</testsuite> <!-- org.qa.seleniumDemo.CSVDataDrivenTesting -->
