<?xml version="1.0" encoding="UTF-8"?>
<!-- Generated by org.testng.reporters.JUnitReportReporter -->
<testsuite skipped="0" hostname="RSLPTP1013" name="org.qa.demo.DemoTest" tests="1" failures="0" timestamp="17 Nov 2019 11:10:16 GMT" time="0.009" errors="0">
  <testcase name="sum" time="0.009" classname="org.qa.demo.DemoTest"/>
</testsuite> <!-- org.qa.demo.DemoTest -->
