<?xml version="1.0" encoding="UTF-8"?>
<!-- Generated by org.testng.reporters.JUnitReportReporter -->
<testsuite skipped="0" hostname="RSLPTP1013" name="org.qa.demo.DemoTest" tests="2" failures="0" timestamp="18 Dec 2019 11:07:57 GMT" time="0.009" errors="0">
  <testcase name="sum" time="0.001" classname="org.qa.demo.DemoTest"/>
  <testcase name="sub" time="0.008" classname="org.qa.demo.DemoTest"/>
</testsuite> <!-- org.qa.demo.DemoTest -->
