<?xml version="1.0" encoding="UTF-8"?>
<!-- Generated by org.testng.reporters.JUnitReportReporter -->
<testsuite skipped="0" hostname="RSLPTP1013" name="org.qa.seleniumDemo.ReadWriteExcelDemo" tests="2" failures="0" timestamp="16 Apr 2020 13:12:13 GMT" time="48.198" errors="0">
  <testcase name="hubSpot" time="20.123" classname="org.qa.seleniumDemo.ReadWriteExcelDemo"/>
  <testcase name="hubSpot" time="28.075" classname="org.qa.seleniumDemo.ReadWriteExcelDemo"/>
</testsuite> <!-- org.qa.seleniumDemo.ReadWriteExcelDemo -->
