<?xml version="1.0" encoding="UTF-8"?>
<!-- Generated by org.testng.reporters.JUnitReportReporter -->
<testsuite skipped="0" hostname="RSLPTP1013" name="org.qa.seleniumDemo.GoogleSearch" tests="1" failures="0" timestamp="20 Apr 2020 07:01:41 GMT" time="29.363" errors="0">
  <testcase name="demo1" time="29.363" classname="org.qa.seleniumDemo.GoogleSearch"/>
</testsuite> <!-- org.qa.seleniumDemo.GoogleSearch -->
