<?xml version="1.0" encoding="UTF-8"?>
<!-- Generated by org.testng.reporters.JUnitReportReporter -->
<testsuite skipped="0" hostname="RSLPTP1013" name="org.qa.demo.DemoTest" tests="2" failures="0" timestamp="16 Dec 2019 19:31:34 GMT" time="0.008" errors="0">
  <testcase name="sub" time="0.008" classname="org.qa.demo.DemoTest"/>
  <testcase name="sum" time="0.000" classname="org.qa.demo.DemoTest"/>
</testsuite> <!-- org.qa.demo.DemoTest -->
