<?xml version="1.0" encoding="UTF-8"?>
<!-- Generated by org.testng.reporters.JUnitReportReporter -->
<testsuite skipped="0" hostname="RSLPTP1013" name="org.qa.demo.DemoTest1" tests="2" failures="0" timestamp="16 Dec 2019 19:31:34 GMT" time="0.000" errors="0">
  <testcase name="div" time="0.000" classname="org.qa.demo.DemoTest1"/>
  <testcase name="multi" time="0.000" classname="org.qa.demo.DemoTest1"/>
</testsuite> <!-- org.qa.demo.DemoTest1 -->
